features/auth/build/intermediates/manifest_merge_blame_file/debug/manifest-merger-blame-debug-report.txt
1<?xml version="1.0" encoding="utf-8"?>
2<manifest xmlns:android="http://schemas.android.com/apk/res/android"
3    package="work.sample.auth" >
4
5    <uses-sdk
6        android:minSdkVersion="23"
6-->src\main\AndroidManifest.xml
7        android:targetSdkVersion="32" />
7-->src\main\AndroidManifest.xml
8
9    <application>
9-->src\main\AndroidManifest.xml:4:5-14:19
10        <activity
10-->src\main\AndroidManifest.xml:5:9-13:20
11            android:name="work.sample.auth.AuthActivity"
11-->src\main\AndroidManifest.xml:5:19-47
12            android:exported="true"
12-->src\main\AndroidManifest.xml:6:13-36
13            android:windowSoftInputMode="adjustResize" >
13-->src\main\AndroidManifest.xml:7:13-55
14            <intent-filter>
14-->src\main\AndroidManifest.xml:8:13-12:29
15                <action android:name="android.intent.action.MAIN" />
15-->src\main\AndroidManifest.xml:9:17-69
15-->src\main\AndroidManifest.xml:9:25-66
16
17                <category android:name="android.intent.category.LAUNCHER" />
17-->src\main\AndroidManifest.xml:11:17-77
17-->src\main\AndroidManifest.xml:11:27-74
18            </intent-filter>
19        </activity>
20    </application>
21
22</manifest>